# JRE version: Java(TM) SE Runtime Environment (8.0_192-b12) (build 1.8.0_192-b12)
# Java VM: Java HotSpot(TM) 64-Bit Server VM (25.192-b12 mixed mode windows-amd64 compressed oops)
Heap:
 PSYoungGen      total 1245696K, used 606885K [0x000000076b100000, 0x00000007b7500000, 0x00000007c0000000)
  eden space 1242112K, 48% used [0x000000076b100000,0x0000000790189700,0x00000007b6e00000)
  from space 3584K, 3% used [0x00000007b6e00000,0x00000007b6e20000,0x00000007b7180000)
  to   space 2560K, 0% used [0x00000007b7280000,0x00000007b7280000,0x00000007b7500000)
 ParOldGen       total 160768K, used 28339K [0x00000006c1200000, 0x00000006caf00000, 0x000000076b100000)
  object space 160768K, 17% used [0x00000006c1200000,0x00000006c2dacea0,0x00000006caf00000)
 Metaspace       used 68709K, capacity 69308K, committed 69632K, reserved 1107968K
  class space    used 10235K, capacity 10385K, committed 10496K, reserved 1048576K
GC Heap History (10 events):
Event: 44.817 GC heap before
{Heap before GC invocations=68 (full 3):
 PSYoungGen      total 1225216K, used 1220768K [0x000000076b100000, 0x00000007b6200000, 0x00000007c0000000)
  eden space 1220608K, 100% used [0x000000076b100000,0x00000007b5900000,0x00000007b5900000)
  from space 4608K, 3% used [0x00000007b5d80000,0x00000007b5da8000,0x00000007b6200000)
  to   space 4608K, 0% used [0x00000007b5900000,0x00000007b5900000,0x00000007b5d80000)
 ParOldGen       total 160768K, used 28247K [0x00000006c1200000, 0x00000006caf00000, 0x000000076b100000)
  object space 160768K, 17% used [0x00000006c1200000,0x00000006c2d95da8,0x00000006caf00000)
 Metaspace       used 68610K, capacity 69220K, committed 69376K, reserved 1107968K
  class space    used 10229K, capacity 10381K, committed 10496K, reserved 1048576K
Event: 44.819 GC heap after
Heap after GC invocations=68 (full 3):
 PSYoungGen      total 1225216K, used 128K [0x000000076b100000, 0x00000007b7600000, 0x00000007c0000000)
  eden space 1220608K, 0% used [0x000000076b100000,0x000000076b100000,0x00000007b5900000)
  from space 4608K, 2% used [0x00000007b5900000,0x00000007b5920000,0x00000007b5d80000)
  to   space 3584K, 0% used [0x00000007b7280000,0x00000007b7280000,0x00000007b7600000)
 ParOldGen       total 160768K, used 28295K [0x00000006c1200000, 0x00000006caf00000, 0x000000076b100000)
  object space 160768K, 17% used [0x00000006c1200000,0x00000006c2da1da8,0x00000006caf00000)
 Metaspace       used 68610K, capacity 69220K, committed 69376K, reserved 1107968K
  class space    used 10229K, capacity 10381K, committed 10496K, reserved 1048576K
}
Event: 45.846 GC heap before
{Heap before GC invocations=69 (full 3):
 PSYoungGen      total 1225216K, used 1220736K [0x000000076b100000, 0x00000007b7600000, 0x00000007c0000000)
  eden space 1220608K, 100% used [0x000000076b100000,0x00000007b5900000,0x00000007b5900000)
  from space 4608K, 2% used [0x00000007b5900000,0x00000007b5920000,0x00000007b5d80000)
  to   space 3584K, 0% used [0x00000007b7280000,0x00000007b7280000,0x00000007b7600000)
 ParOldGen       total 160768K, used 28295K [0x00000006c1200000, 0x00000006caf00000, 0x000000076b100000)
  object space 160768K, 17% used [0x00000006c1200000,0x00000006c2da1de0,0x00000006caf00000)
 Metaspace       used 68613K, capacity 69220K, committed 69376K, reserved 1107968K
  class space    used 10229K, capacity 10381K, committed 10496K, reserved 1048576K
Event: 45.848 GC heap after
Heap after GC invocations=69 (full 3):
 PSYoungGen      total 1244672K, used 96K [0x000000076b100000, 0x00000007b7500000, 0x00000007c0000000)
  eden space 1242112K, 0% used [0x000000076b100000,0x000000076b100000,0x00000007b6e00000)
  from space 2560K, 3% used [0x00000007b7280000,0x00000007b7298000,0x00000007b7500000)
  to   space 3584K, 0% used [0x00000007b6e00000,0x00000007b6e00000,0x00000007b7180000)
 ParOldGen       total 160768K, used 28311K [0x00000006c1200000, 0x00000006caf00000, 0x000000076b100000)
  object space 160768K, 17% used [0x00000006c1200000,0x00000006c2da5de0,0x00000006caf00000)
 Metaspace       used 68613K, capacity 69220K, committed 69376K, reserved 1107968K
  class space    used 10229K, capacity 10381K, committed 10496K, reserved 1048576K
}
Event: 46.909 GC heap before
{Heap before GC invocations=70 (full 3):
 PSYoungGen      total 1244672K, used 1242208K [0x000000076b100000, 0x00000007b7500000, 0x00000007c0000000)
  eden space 1242112K, 100% used [0x000000076b100000,0x00000007b6e00000,0x00000007b6e00000)
  from space 2560K, 3% used [0x00000007b7280000,0x00000007b7298000,0x00000007b7500000)
  to   space 3584K, 0% used [0x00000007b6e00000,0x00000007b6e00000,0x00000007b7180000)
 ParOldGen       total 160768K, used 28315K [0x00000006c1200000, 0x00000006caf00000, 0x000000076b100000)
  object space 160768K, 17% used [0x00000006c1200000,0x00000006c2da6ea0,0x00000006caf00000)
 Metaspace       used 68613K, capacity 69220K, committed 69376K, reserved 1107968K
  class space    used 10229K, capacity 10381K, committed 10496K, reserved 1048576K
Event: 46.911 GC heap after
Heap after GC invocations=70 (full 3):
 PSYoungGen      total 1245696K, used 128K [0x000000076b100000, 0x00000007b7500000, 0x00000007c0000000)
  eden space 1242112K, 0% used [0x000000076b100000,0x000000076b100000,0x00000007b6e00000)
  from space 3584K, 3% used [0x00000007b6e00000,0x00000007b6e20000,0x00000007b7180000)
  to   space 2560K, 0% used [0x00000007b7280000,0x00000007b7280000,0x00000007b7500000)
 ParOldGen       total 160768K, used 28323K [0x00000006c1200000, 0x00000006caf00000, 0x000000076b100000)
  object space 160768K, 17% used [0x00000006c1200000,0x00000006c2da8ea0,0x00000006caf00000)
 Metaspace       used 68613K, capacity 69220K, committed 69376K, reserved 1107968K
  class space    used 10229K, capacity 10381K, committed 10496K, reserved 1048576K
}
Event: 48.850 GC heap before
{Heap before GC invocations=71 (full 3):
 PSYoungGen      total 1245696K, used 1242240K [0x000000076b100000, 0x00000007b7500000, 0x00000007c0000000)
  eden space 1242112K, 100% used [0x000000076b100000,0x00000007b6e00000,0x00000007b6e00000)
  from space 3584K, 3% used [0x00000007b6e00000,0x00000007b6e20000,0x00000007b7180000)
  to   space 2560K, 0% used [0x00000007b7280000,0x00000007b7280000,0x00000007b7500000)
 ParOldGen       total 160768K, used 28323K [0x00000006c1200000, 0x00000006caf00000, 0x000000076b100000)
  object space 160768K, 17% used [0x00000006c1200000,0x00000006c2da8ea0,0x00000006caf00000)
 Metaspace       used 68623K, capacity 69232K, committed 69376K, reserved 1107968K
  class space    used 10230K, capacity 10383K, committed 10496K, reserved 1048576K
Event: 48.852 GC heap after
Heap after GC invocations=71 (full 3):
 PSYoungGen      total 1244672K, used 128K [0x000000076b100000, 0x00000007b7500000, 0x00000007c0000000)
  eden space 1242112K, 0% used [0x000000076b100000,0x000000076b100000,0x00000007b6e00000)
  from space 2560K, 5% used [0x00000007b7280000,0x00000007b72a0000,0x00000007b7500000)
  to   space 3584K, 0% used [0x00000007b6e00000,0x00000007b6e00000,0x00000007b7180000)
 ParOldGen       total 160768K, used 28331K [0x00000006c1200000, 0x00000006caf00000, 0x000000076b100000)
  object space 160768K, 17% used [0x00000006c1200000,0x00000006c2daaea0,0x00000006caf00000)
 Metaspace       used 68623K, capacity 69232K, committed 69376K, reserved 1107968K
  class space    used 10230K, capacity 10383K, committed 10496K, reserved 1048576K
}
Event: 51.831 GC heap before
{Heap before GC invocations=72 (full 3):
 PSYoungGen      total 1244672K, used 1242240K [0x000000076b100000, 0x00000007b7500000, 0x00000007c0000000)
  eden space 1242112K, 100% used [0x000000076b100000,0x00000007b6e00000,0x00000007b6e00000)
  from space 2560K, 5% used [0x00000007b7280000,0x00000007b72a0000,0x00000007b7500000)
  to   space 3584K, 0% used [0x00000007b6e00000,0x00000007b6e00000,0x00000007b7180000)
 ParOldGen       total 160768K, used 28331K [0x00000006c1200000, 0x00000006caf00000, 0x000000076b100000)
  object space 160768K, 17% used [0x00000006c1200000,0x00000006c2daaea0,0x00000006caf00000)
 Metaspace       used 68623K, capacity 69232K, committed 69376K, reserved 1107968K
  class space    used 10230K, capacity 10383K, committed 10496K, reserved 1048576K
Event: 51.832 GC heap after
Heap after GC invocations=72 (full 3):
 PSYoungGen      total 1245696K, used 128K [0x000000076b100000, 0x00000007b7500000, 0x00000007c0000000)
  eden space 1242112K, 0% used [0x000000076b100000,0x000000076b100000,0x00000007b6e00000)
  from space 3584K, 3% used [0x00000007b6e00000,0x00000007b6e20000,0x00000007b7180000)
  to   space 2560K, 0% used [0x00000007b7280000,0x00000007b7280000,0x00000007b7500000)
 ParOldGen       total 160768K, used 28339K [0x00000006c1200000, 0x00000006caf00000, 0x000000076b100000)
  object space 160768K, 17% used [0x00000006c1200000,0x00000006c2dacea0,0x00000006caf00000)
 Metaspace       used 68623K, capacity 69232K, committed 69376K, reserved 1107968K
  class space    used 10230K, capacity 10383K, committed 10496K, reserved 1048576K
}

