# JRE version: Java(TM) SE Runtime Environment (8.0_192-b12) (build 1.8.0_192-b12)
# Java VM: Java HotSpot(TM) 64-Bit Server VM (25.192-b12 mixed mode windows-amd64 compressed oops)
Heap:
 PSYoungGen      total 1258496K, used 614241K [0x000000076b100000, 0x00000007b8380000, 0x00000007c0000000)
  eden space 1252864K, 48% used [0x000000076b100000,0x0000000790848650,0x00000007b7880000)
  from space 5632K, 10% used [0x00000007b7880000,0x00000007b7910040,0x00000007b7e00000)
  to   space 2560K, 0% used [0x00000007b8100000,0x00000007b8100000,0x00000007b8380000)
 ParOldGen       total 162816K, used 24935K [0x00000006c1200000, 0x00000006cb100000, 0x000000076b100000)
  object space 162816K, 15% used [0x00000006c1200000,0x00000006c2a59eb0,0x00000006cb100000)
 Metaspace       used 65730K, capacity 66318K, committed 66560K, reserved 1105920K
  class space    used 9781K, capacity 9933K, committed 9984K, reserved 1048576K
GC Heap History (10 events):
Event: 23.578 GC heap before
{Heap before GC invocations=40 (full 3):
 PSYoungGen      total 1179136K, used 1178784K [0x000000076b100000, 0x00000007b8c00000, 0x00000007c0000000)
  eden space 1178624K, 100% used [0x000000076b100000,0x00000007b3000000,0x00000007b3000000)
  from space 512K, 31% used [0x00000007b3680000,0x00000007b36a8000,0x00000007b3700000)
  to   space 6656K, 0% used [0x00000007b3000000,0x00000007b3000000,0x00000007b3680000)
 ParOldGen       total 162816K, used 24909K [0x00000006c1200000, 0x00000006cb100000, 0x000000076b100000)
  object space 162816K, 15% used [0x00000006c1200000,0x00000006c2a53748,0x00000006cb100000)
 Metaspace       used 65426K, capacity 65974K, committed 66304K, reserved 1105920K
  class space    used 9724K, capacity 9865K, committed 9984K, reserved 1048576K
Event: 23.580 GC heap after
Heap after GC invocations=40 (full 3):
 PSYoungGen      total 1185280K, used 128K [0x000000076b100000, 0x00000007b8700000, 0x00000007c0000000)
  eden space 1178624K, 0% used [0x000000076b100000,0x000000076b100000,0x00000007b3000000)
  from space 6656K, 1% used [0x00000007b3000000,0x00000007b3020000,0x00000007b3680000)
  to   space 6144K, 0% used [0x00000007b8100000,0x00000007b8100000,0x00000007b8700000)
 ParOldGen       total 162816K, used 24909K [0x00000006c1200000, 0x00000006cb100000, 0x000000076b100000)
  object space 162816K, 15% used [0x00000006c1200000,0x00000006c2a53748,0x00000006cb100000)
 Metaspace       used 65426K, capacity 65974K, committed 66304K, reserved 1105920K
  class space    used 9724K, capacity 9865K, committed 9984K, reserved 1048576K
}
Event: 23.935 GC heap before
{Heap before GC invocations=41 (full 3):
 PSYoungGen      total 1185280K, used 1178752K [0x000000076b100000, 0x00000007b8700000, 0x00000007c0000000)
  eden space 1178624K, 100% used [0x000000076b100000,0x00000007b3000000,0x00000007b3000000)
  from space 6656K, 1% used [0x00000007b3000000,0x00000007b3020000,0x00000007b3680000)
  to   space 6144K, 0% used [0x00000007b8100000,0x00000007b8100000,0x00000007b8700000)
 ParOldGen       total 162816K, used 24909K [0x00000006c1200000, 0x00000006cb100000, 0x000000076b100000)
  object space 162816K, 15% used [0x00000006c1200000,0x00000006c2a53748,0x00000006cb100000)
 Metaspace       used 65426K, capacity 65974K, committed 66304K, reserved 1105920K
  class space    used 9724K, capacity 9865K, committed 9984K, reserved 1048576K
Event: 23.936 GC heap after
Heap after GC invocations=41 (full 3):
 PSYoungGen      total 1255424K, used 128K [0x000000076b100000, 0x00000007b8380000, 0x00000007c0000000)
  eden space 1252864K, 0% used [0x000000076b100000,0x000000076b100000,0x00000007b7880000)
  from space 2560K, 5% used [0x00000007b8100000,0x00000007b8120000,0x00000007b8380000)
  to   space 5632K, 0% used [0x00000007b7880000,0x00000007b7880000,0x00000007b7e00000)
 ParOldGen       total 162816K, used 24909K [0x00000006c1200000, 0x00000006cb100000, 0x000000076b100000)
  object space 162816K, 15% used [0x00000006c1200000,0x00000006c2a53748,0x00000006cb100000)
 Metaspace       used 65426K, capacity 65974K, committed 66304K, reserved 1105920K
  class space    used 9724K, capacity 9865K, committed 9984K, reserved 1048576K
}
Event: 24.424 GC heap before
{Heap before GC invocations=42 (full 3):
 PSYoungGen      total 1255424K, used 1252992K [0x000000076b100000, 0x00000007b8380000, 0x00000007c0000000)
  eden space 1252864K, 100% used [0x000000076b100000,0x00000007b7880000,0x00000007b7880000)
  from space 2560K, 5% used [0x00000007b8100000,0x00000007b8120000,0x00000007b8380000)
  to   space 5632K, 0% used [0x00000007b7880000,0x00000007b7880000,0x00000007b7e00000)
 ParOldGen       total 162816K, used 24911K [0x00000006c1200000, 0x00000006cb100000, 0x000000076b100000)
  object space 162816K, 15% used [0x00000006c1200000,0x00000006c2a53eb0,0x00000006cb100000)
 Metaspace       used 65614K, capacity 66094K, committed 66304K, reserved 1105920K
  class space    used 9761K, capacity 9901K, committed 9984K, reserved 1048576K
Event: 24.426 GC heap after
Heap after GC invocations=42 (full 3):
 PSYoungGen      total 1258496K, used 608K [0x000000076b100000, 0x00000007b8380000, 0x00000007c0000000)
  eden space 1252864K, 0% used [0x000000076b100000,0x000000076b100000,0x00000007b7880000)
  from space 5632K, 10% used [0x00000007b7880000,0x00000007b7918040,0x00000007b7e00000)
  to   space 2560K, 0% used [0x00000007b8100000,0x00000007b8100000,0x00000007b8380000)
 ParOldGen       total 162816K, used 24911K [0x00000006c1200000, 0x00000006cb100000, 0x000000076b100000)
  object space 162816K, 15% used [0x00000006c1200000,0x00000006c2a53eb0,0x00000006cb100000)
 Metaspace       used 65614K, capacity 66094K, committed 66304K, reserved 1105920K
  class space    used 9761K, capacity 9901K, committed 9984K, reserved 1048576K
}
Event: 24.427 GC heap before
{Heap before GC invocations=43 (full 3):
 PSYoungGen      total 1258496K, used 13031K [0x000000076b100000, 0x00000007b8380000, 0x00000007c0000000)
  eden space 1252864K, 0% used [0x000000076b100000,0x000000076bd21e68,0x00000007b7880000)
  from space 5632K, 10% used [0x00000007b7880000,0x00000007b7918040,0x00000007b7e00000)
  to   space 2560K, 0% used [0x00000007b8100000,0x00000007b8100000,0x00000007b8380000)
 ParOldGen       total 162816K, used 24911K [0x00000006c1200000, 0x00000006cb100000, 0x000000076b100000)
  object space 162816K, 15% used [0x00000006c1200000,0x00000006c2a53eb0,0x00000006cb100000)
 Metaspace       used 65614K, capacity 66094K, committed 66304K, reserved 1105920K
  class space    used 9761K, capacity 9901K, committed 9984K, reserved 1048576K
Event: 24.429 GC heap after
Heap after GC invocations=43 (full 3):
 PSYoungGen      total 1255424K, used 544K [0x000000076b100000, 0x00000007b8380000, 0x00000007c0000000)
  eden space 1252864K, 0% used [0x000000076b100000,0x000000076b100000,0x00000007b7880000)
  from space 2560K, 21% used [0x00000007b8100000,0x00000007b8188050,0x00000007b8380000)
  to   space 5632K, 0% used [0x00000007b7880000,0x00000007b7880000,0x00000007b7e00000)
 ParOldGen       total 162816K, used 24911K [0x00000006c1200000, 0x00000006cb100000, 0x000000076b100000)
  object space 162816K, 15% used [0x00000006c1200000,0x00000006c2a53eb0,0x00000006cb100000)
 Metaspace       used 65614K, capacity 66094K, committed 66304K, reserved 1105920K
  class space    used 9761K, capacity 9901K, committed 9984K, reserved 1048576K
}
Event: 25.811 GC heap before
{Heap before GC invocations=44 (full 3):
 PSYoungGen      total 1255424K, used 1253408K [0x000000076b100000, 0x00000007b8380000, 0x00000007c0000000)
  eden space 1252864K, 100% used [0x000000076b100000,0x00000007b7880000,0x00000007b7880000)
  from space 2560K, 21% used [0x00000007b8100000,0x00000007b8188050,0x00000007b8380000)
  to   space 5632K, 0% used [0x00000007b7880000,0x00000007b7880000,0x00000007b7e00000)
 ParOldGen       total 162816K, used 24911K [0x00000006c1200000, 0x00000006cb100000, 0x000000076b100000)
  object space 162816K, 15% used [0x00000006c1200000,0x00000006c2a53eb0,0x00000006cb100000)
 Metaspace       used 65729K, capacity 66318K, committed 66560K, reserved 1105920K
  class space    used 9781K, capacity 9933K, committed 9984K, reserved 1048576K
Event: 25.813 GC heap after
Heap after GC invocations=44 (full 3):
 PSYoungGen      total 1258496K, used 576K [0x000000076b100000, 0x00000007b8380000, 0x00000007c0000000)
  eden space 1252864K, 0% used [0x000000076b100000,0x000000076b100000,0x00000007b7880000)
  from space 5632K, 10% used [0x00000007b7880000,0x00000007b7910040,0x00000007b7e00000)
  to   space 2560K, 0% used [0x00000007b8100000,0x00000007b8100000,0x00000007b8380000)
 ParOldGen       total 162816K, used 24935K [0x00000006c1200000, 0x00000006cb100000, 0x000000076b100000)
  object space 162816K, 15% used [0x00000006c1200000,0x00000006c2a59eb0,0x00000006cb100000)
 Metaspace       used 65729K, capacity 66318K, committed 66560K, reserved 1105920K
  class space    used 9781K, capacity 9933K, committed 9984K, reserved 1048576K
}

