# JRE version: Java(TM) SE Runtime Environment (8.0_192-b12) (build 1.8.0_192-b12)
# Java VM: Java HotSpot(TM) 64-Bit Server VM (25.192-b12 mixed mode windows-amd64 compressed oops)
Heap:
 PSYoungGen      total 1235968K, used 1066737K [0x000000076b100000, 0x00000007b6d00000, 0x00000007c0000000)
  eden space 1233920K, 86% used [0x000000076b100000,0x00000007ac2a4718,0x00000007b6600000)
  from space 2048K, 4% used [0x00000007b6b00000,0x00000007b6b18000,0x00000007b6d00000)
  to   space 3584K, 0% used [0x00000007b6600000,0x00000007b6600000,0x00000007b6980000)
 ParOldGen       total 159744K, used 28712K [0x00000006c1200000, 0x00000006cae00000, 0x000000076b100000)
  object space 159744K, 17% used [0x00000006c1200000,0x00000006c2e0a2d0,0x00000006cae00000)
 Metaspace       used 68814K, capacity 69448K, committed 69632K, reserved 1107968K
  class space    used 10230K, capacity 10387K, committed 10496K, reserved 1048576K
GC Heap History (10 events):
Event: 47.007 GC heap before
{Heap before GC invocations=69 (full 3):
 PSYoungGen      total 1237504K, used 1234048K [0x000000076b100000, 0x00000007b6d00000, 0x00000007c0000000)
  eden space 1233920K, 100% used [0x000000076b100000,0x00000007b6600000,0x00000007b6600000)
  from space 3584K, 3% used [0x00000007b6600000,0x00000007b6620000,0x00000007b6980000)
  to   space 2048K, 0% used [0x00000007b6b00000,0x00000007b6b00000,0x00000007b6d00000)
 ParOldGen       total 159744K, used 28648K [0x00000006c1200000, 0x00000006cae00000, 0x000000076b100000)
  object space 159744K, 17% used [0x00000006c1200000,0x00000006c2dfa2d0,0x00000006cae00000)
 Metaspace       used 68588K, capacity 69232K, committed 69376K, reserved 1107968K
  class space    used 10226K, capacity 10383K, committed 10496K, reserved 1048576K
Event: 47.009 GC heap after
Heap after GC invocations=69 (full 3):
 PSYoungGen      total 1235968K, used 128K [0x000000076b100000, 0x00000007b6d00000, 0x00000007c0000000)
  eden space 1233920K, 0% used [0x000000076b100000,0x000000076b100000,0x00000007b6600000)
  from space 2048K, 6% used [0x00000007b6b00000,0x00000007b6b20000,0x00000007b6d00000)
  to   space 3584K, 0% used [0x00000007b6600000,0x00000007b6600000,0x00000007b6980000)
 ParOldGen       total 159744K, used 28688K [0x00000006c1200000, 0x00000006cae00000, 0x000000076b100000)
  object space 159744K, 17% used [0x00000006c1200000,0x00000006c2e042d0,0x00000006cae00000)
 Metaspace       used 68588K, capacity 69232K, committed 69376K, reserved 1107968K
  class space    used 10226K, capacity 10383K, committed 10496K, reserved 1048576K
}
Event: 48.064 GC heap before
{Heap before GC invocations=70 (full 3):
 PSYoungGen      total 1235968K, used 1234048K [0x000000076b100000, 0x00000007b6d00000, 0x00000007c0000000)
  eden space 1233920K, 100% used [0x000000076b100000,0x00000007b6600000,0x00000007b6600000)
  from space 2048K, 6% used [0x00000007b6b00000,0x00000007b6b20000,0x00000007b6d00000)
  to   space 3584K, 0% used [0x00000007b6600000,0x00000007b6600000,0x00000007b6980000)
 ParOldGen       total 159744K, used 28688K [0x00000006c1200000, 0x00000006cae00000, 0x000000076b100000)
  object space 159744K, 17% used [0x00000006c1200000,0x00000006c2e042d0,0x00000006cae00000)
 Metaspace       used 68588K, capacity 69232K, committed 69376K, reserved 1107968K
  class space    used 10226K, capacity 10383K, committed 10496K, reserved 1048576K
Event: 48.066 GC heap after
Heap after GC invocations=70 (full 3):
 PSYoungGen      total 1237504K, used 128K [0x000000076b100000, 0x00000007b6d00000, 0x00000007c0000000)
  eden space 1233920K, 0% used [0x000000076b100000,0x000000076b100000,0x00000007b6600000)
  from space 3584K, 3% used [0x00000007b6600000,0x00000007b6620000,0x00000007b6980000)
  to   space 2048K, 0% used [0x00000007b6b00000,0x00000007b6b00000,0x00000007b6d00000)
 ParOldGen       total 159744K, used 28696K [0x00000006c1200000, 0x00000006cae00000, 0x000000076b100000)
  object space 159744K, 17% used [0x00000006c1200000,0x00000006c2e062d0,0x00000006cae00000)
 Metaspace       used 68588K, capacity 69232K, committed 69376K, reserved 1107968K
  class space    used 10226K, capacity 10383K, committed 10496K, reserved 1048576K
}
Event: 49.120 GC heap before
{Heap before GC invocations=71 (full 3):
 PSYoungGen      total 1237504K, used 1234048K [0x000000076b100000, 0x00000007b6d00000, 0x00000007c0000000)
  eden space 1233920K, 100% used [0x000000076b100000,0x00000007b6600000,0x00000007b6600000)
  from space 3584K, 3% used [0x00000007b6600000,0x00000007b6620000,0x00000007b6980000)
  to   space 2048K, 0% used [0x00000007b6b00000,0x00000007b6b00000,0x00000007b6d00000)
 ParOldGen       total 159744K, used 28696K [0x00000006c1200000, 0x00000006cae00000, 0x000000076b100000)
  object space 159744K, 17% used [0x00000006c1200000,0x00000006c2e062d0,0x00000006cae00000)
 Metaspace       used 68588K, capacity 69232K, committed 69376K, reserved 1107968K
  class space    used 10226K, capacity 10383K, committed 10496K, reserved 1048576K
Event: 49.122 GC heap after
Heap after GC invocations=71 (full 3):
 PSYoungGen      total 1235968K, used 128K [0x000000076b100000, 0x00000007b6d00000, 0x00000007c0000000)
  eden space 1233920K, 0% used [0x000000076b100000,0x000000076b100000,0x00000007b6600000)
  from space 2048K, 6% used [0x00000007b6b00000,0x00000007b6b20000,0x00000007b6d00000)
  to   space 3584K, 0% used [0x00000007b6600000,0x00000007b6600000,0x00000007b6980000)
 ParOldGen       total 159744K, used 28696K [0x00000006c1200000, 0x00000006cae00000, 0x000000076b100000)
  object space 159744K, 17% used [0x00000006c1200000,0x00000006c2e062d0,0x00000006cae00000)
 Metaspace       used 68588K, capacity 69232K, committed 69376K, reserved 1107968K
  class space    used 10226K, capacity 10383K, committed 10496K, reserved 1048576K
}
Event: 50.523 GC heap before
{Heap before GC invocations=72 (full 3):
 PSYoungGen      total 1235968K, used 1234048K [0x000000076b100000, 0x00000007b6d00000, 0x00000007c0000000)
  eden space 1233920K, 100% used [0x000000076b100000,0x00000007b6600000,0x00000007b6600000)
  from space 2048K, 6% used [0x00000007b6b00000,0x00000007b6b20000,0x00000007b6d00000)
  to   space 3584K, 0% used [0x00000007b6600000,0x00000007b6600000,0x00000007b6980000)
 ParOldGen       total 159744K, used 28696K [0x00000006c1200000, 0x00000006cae00000, 0x000000076b100000)
  object space 159744K, 17% used [0x00000006c1200000,0x00000006c2e062d0,0x00000006cae00000)
 Metaspace       used 68605K, capacity 69250K, committed 69376K, reserved 1107968K
  class space    used 10228K, capacity 10386K, committed 10496K, reserved 1048576K
Event: 50.525 GC heap after
Heap after GC invocations=72 (full 3):
 PSYoungGen      total 1237504K, used 128K [0x000000076b100000, 0x00000007b6d00000, 0x00000007c0000000)
  eden space 1233920K, 0% used [0x000000076b100000,0x000000076b100000,0x00000007b6600000)
  from space 3584K, 3% used [0x00000007b6600000,0x00000007b6620000,0x00000007b6980000)
  to   space 2048K, 0% used [0x00000007b6b00000,0x00000007b6b00000,0x00000007b6d00000)
 ParOldGen       total 159744K, used 28704K [0x00000006c1200000, 0x00000006cae00000, 0x000000076b100000)
  object space 159744K, 17% used [0x00000006c1200000,0x00000006c2e082d0,0x00000006cae00000)
 Metaspace       used 68605K, capacity 69250K, committed 69376K, reserved 1107968K
  class space    used 10228K, capacity 10386K, committed 10496K, reserved 1048576K
}
Event: 52.664 GC heap before
{Heap before GC invocations=73 (full 3):
 PSYoungGen      total 1237504K, used 1234048K [0x000000076b100000, 0x00000007b6d00000, 0x00000007c0000000)
  eden space 1233920K, 100% used [0x000000076b100000,0x00000007b6600000,0x00000007b6600000)
  from space 3584K, 3% used [0x00000007b6600000,0x00000007b6620000,0x00000007b6980000)
  to   space 2048K, 0% used [0x00000007b6b00000,0x00000007b6b00000,0x00000007b6d00000)
 ParOldGen       total 159744K, used 28704K [0x00000006c1200000, 0x00000006cae00000, 0x000000076b100000)
  object space 159744K, 17% used [0x00000006c1200000,0x00000006c2e082d0,0x00000006cae00000)
 Metaspace       used 68605K, capacity 69250K, committed 69376K, reserved 1107968K
  class space    used 10228K, capacity 10386K, committed 10496K, reserved 1048576K
Event: 52.666 GC heap after
Heap after GC invocations=73 (full 3):
 PSYoungGen      total 1235968K, used 96K [0x000000076b100000, 0x00000007b6d00000, 0x00000007c0000000)
  eden space 1233920K, 0% used [0x000000076b100000,0x000000076b100000,0x00000007b6600000)
  from space 2048K, 4% used [0x00000007b6b00000,0x00000007b6b18000,0x00000007b6d00000)
  to   space 3584K, 0% used [0x00000007b6600000,0x00000007b6600000,0x00000007b6980000)
 ParOldGen       total 159744K, used 28712K [0x00000006c1200000, 0x00000006cae00000, 0x000000076b100000)
  object space 159744K, 17% used [0x00000006c1200000,0x00000006c2e0a2d0,0x00000006cae00000)
 Metaspace       used 68605K, capacity 69250K, committed 69376K, reserved 1107968K
  class space    used 10228K, capacity 10386K, committed 10496K, reserved 1048576K
}

